<?xml version="1.0" encoding="UTF-8"?>
<testsuite name="MallTest" tests="1" skipped="0" failures="0" errors="0" timestamp="2022-09-20T10:27:57" hostname="KIMSUKTAEui-MacBookAir.local" time="0.0">
  <properties/>
  <testcase name="setProducts()" classname="MallTest" time="0.0"/>
  <system-out><![CDATA[]]></system-out>
  <system-err><![CDATA[]]></system-err>
</testsuite>
