<?xml version="1.0" encoding="UTF-8"?>
<testsuite name="UserTest" tests="7" skipped="0" failures="0" errors="0" timestamp="2022-09-20T09:53:32" hostname="KIMSUKTAEui-MacBookAir.local" time="0.009">
  <properties/>
  <testcase name="string()" classname="UserTest" time="0.004"/>
  <testcase name="billing()" classname="UserTest" time="0.001"/>
  <testcase name="purchaseRequest()" classname="UserTest" time="0.001"/>
  <testcase name="equality()" classname="UserTest" time="0.0"/>
  <testcase name="setReceipts()" classname="UserTest" time="0.0"/>
  <testcase name="creation()" classname="UserTest" time="0.0"/>
  <testcase name="storeReceipt()" classname="UserTest" time="0.002"/>
  <system-out><![CDATA[[상품명: null, 금액: 0원]
]]></system-out>
  <system-err><![CDATA[]]></system-err>
</testsuite>
