<?xml version="1.0" encoding="UTF-8"?>
<testsuite name="PaymentTest" tests="3" skipped="0" failures="0" errors="0" timestamp="2022-09-19T11:34:57" hostname="KIMSUKTAEui-MacBookAir.local" time="0.004">
  <properties/>
  <testcase name="requestSuccess()" classname="PaymentTest" time="0.003"/>
  <testcase name="requestFailed()" classname="PaymentTest" time="0.001"/>
  <testcase name="simpleCheckRequest()" classname="PaymentTest" time="0.0"/>
  <system-out><![CDATA[]]></system-out>
  <system-err><![CDATA[]]></system-err>
</testsuite>
