<?xml version="1.0" encoding="UTF-8"?>
<testsuite name="AccountTest" tests="1" skipped="0" failures="0" errors="0" timestamp="2022-09-19T04:32:33" hostname="KIMSUKTAEui-MacBookAir.local" time="0.006">
  <properties/>
  <testcase name="creation()" classname="AccountTest" time="0.006"/>
  <system-out><![CDATA[]]></system-out>
  <system-err><![CDATA[]]></system-err>
</testsuite>
