<?xml version="1.0" encoding="UTF-8"?>
<testsuite name="UserTest" tests="5" skipped="0" failures="0" errors="0" timestamp="2022-09-19T09:38:07" hostname="KIMSUKTAEui-MacBookAir.local" time="0.005">
  <properties/>
  <testcase name="string()" classname="UserTest" time="0.003"/>
  <testcase name="billing()" classname="UserTest" time="0.0"/>
  <testcase name="purchaseRequest()" classname="UserTest" time="0.0"/>
  <testcase name="equality()" classname="UserTest" time="0.001"/>
  <testcase name="creation()" classname="UserTest" time="0.0"/>
  <system-out><![CDATA[]]></system-out>
  <system-err><![CDATA[]]></system-err>
</testsuite>
