<?xml version="1.0" encoding="UTF-8"?>
<testsuite name="LogInManagerTest" tests="2" skipped="0" failures="0" errors="0" timestamp="2022-09-19T04:32:33" hostname="KIMSUKTAEui-MacBookAir.local" time="0.004">
  <properties/>
  <testcase name="noAccountFound()" classname="LogInManagerTest" time="0.003"/>
  <testcase name="accountFound()" classname="LogInManagerTest" time="0.0"/>
  <system-out><![CDATA[]]></system-out>
  <system-err><![CDATA[]]></system-err>
</testsuite>
