<?xml version="1.0" encoding="UTF-8"?>
<testsuite name="ProductTest" tests="2" skipped="0" failures="0" errors="0" timestamp="2022-09-20T10:27:57" hostname="KIMSUKTAEui-MacBookAir.local" time="0.001">
  <properties/>
  <testcase name="equality()" classname="ProductTest" time="0.0"/>
  <testcase name="creation()" classname="ProductTest" time="0.001"/>
  <system-out><![CDATA[]]></system-out>
  <system-err><![CDATA[]]></system-err>
</testsuite>
